<?xml version="1.0" encoding="UTF-8"?>
<!-- Generated by org.testng.reporters.JUnitReportReporter -->
<testsuite hostname="DESKTOP-U686HAE" failures="0" tests="1" name="TLCAndroid.AppiumApp" time="32.327" errors="0" timestamp="2023-09-16T22:12:35 IST" skipped="0">
  <testcase classname="TLCAndroid.AppiumApp" name="AppiumTest" time="32.327"/>
  <system-out/>
</testsuite> <!-- TLCAndroid.AppiumApp -->
